<?xml version="1.0" encoding="UTF-8"?>
<!-- Generated by org.testng.reporters.JUnitReportReporter -->
<testsuite hostname="LAPTOP-4I6MNUB5" failures="0" tests="1" name="Examples" time="3.170" errors="0" timestamp="2022-09-27T20:52:09 EDT" skipped="0">
  <testcase classname="Examples" name="test_get" time="3.170"/>
</testsuite> <!-- Examples -->
