<?xml version="1.0" encoding="UTF-8"?>
<!-- Generated by org.testng.reporters.JUnitReportReporter -->
<testsuite hostname="LAPTOP-4I6MNUB5" failures="0" tests="2" name="Test01_GET" time="2.367" errors="0" timestamp="2022-09-20T18:59:00 EDT" skipped="0">
  <testcase classname="Test01_GET" name="Test_02" time="0.779"/>
  <testcase classname="Test01_GET" name="Test_01" time="1.588"/>
</testsuite> <!-- Test01_GET -->
