<?xml version="1.0" encoding="UTF-8"?>
<!-- Generated by org.testng.reporters.JUnitReportReporter -->
<testsuite hostname="LAPTOP-4I6MNUB5" failures="0" tests="1" name="Tests_POST" time="1.788" errors="0" timestamp="2022-09-21T02:26:45 EDT" skipped="0">
  <testcase classname="Tests_POST" name="test_4_delete" time="1.788"/>
</testsuite> <!-- Tests_POST -->
